<?xml version="1.0" encoding="UTF-8"?>
<testsuite name="com.futures.AcceptanceTestSuite" time="76.6" tests="11" errors="0" skipped="1" failures="0">
  <properties>
    <property name="java.runtime.name" value="Java(TM) SE Runtime Environment"/>
    <property name="sun.boot.library.path" value="C:\Program Files\Java\jdk1.8.0_77\jre\bin"/>
    <property name="java.vm.version" value="25.77-b03"/>
    <property name="java.vm.vendor" value="Oracle Corporation"/>
    <property name="java.vendor.url" value="http://java.oracle.com/"/>
    <property name="path.separator" value=";"/>
    <property name="guice.disable.misplaced.annotation.check" value="true"/>
    <property name="java.vm.name" value="Java HotSpot(TM) 64-Bit Server VM"/>
    <property name="file.encoding.pkg" value="sun.io"/>
    <property name="user.script" value=""/>
    <property name="user.country" value="US"/>
    <property name="sun.java.launcher" value="SUN_STANDARD"/>
    <property name="sun.os.patch.level" value=""/>
    <property name="java.vm.specification.name" value="Java Virtual Machine Specification"/>
    <property name="user.dir" value="C:\Users\ARDI\Desktop\Pelatihan blibli\Future Program tahap 3\Future Technical Class 3\future-blibli"/>
    <property name="java.runtime.version" value="1.8.0_77-b03"/>
    <property name="java.awt.graphicsenv" value="sun.awt.Win32GraphicsEnvironment"/>
    <property name="java.endorsed.dirs" value="C:\Program Files\Java\jdk1.8.0_77\jre\lib\endorsed"/>
    <property name="os.arch" value="amd64"/>
    <property name="java.io.tmpdir" value="C:\Users\ARDI\AppData\Local\Temp\"/>
    <property name="line.separator" value="&#10;"/>
    <property name="java.vm.specification.vendor" value="Oracle Corporation"/>
    <property name="user.variant" value=""/>
    <property name="os.name" value="Windows 10"/>
    <property name="classworlds.conf" value="C:\Users\ARDI\Desktop\Pelatihan blibli\Future Program\Software\apache-maven-3.2.5\bin\..\bin\m2.conf"/>
    <property name="sun.jnu.encoding" value="Cp1252"/>
    <property name="java.library.path" value="C:\Program Files\Java\jdk1.8.0_77\bin;C:\WINDOWS\Sun\Java\bin;C:\WINDOWS\system32;C:\WINDOWS;C:\Program Files\Docker\Docker\Resources\bin;C:\Program Files (x86)\Intel\iCLS Client\;C:\Program Files\Intel\iCLS Client\;C:\ProgramData\Oracle\Java\javapath;C:\Windows\system32;C:\Windows;C:\Windows\System32\Wbem;C:\Windows\System32\WindowsPowerShell\v1.0\;D:\Software\MatLab\runtime\win64;D:\Software\MatLab\bi;C:\Program Files (x86)\Windows Kits\8.1\Windows Performance Toolkit\;C:\Program Files\Microsoft SQL Server\110\Tools\Binn\;C:\FPC\2.6.4\bin\i386-Win32;D:\Software\Quicktime\QTSystem\;C:\WINDOWS\system32;C:\WINDOWS;C:\WINDOWS\System32\Wbem;C:\WINDOWS\System32\WindowsPowerShell\v1.0\;C:\Program Files (x86)\NVIDIA Corporation\PhysX\Common;D:\Software\xampp\php;C:\ProgramData\ComposerSetup\bin;C:\Users\ARDI\AppData\Roaming\Composer\vendor\bin;C:\Program Files (x86)\Skype\Phone\;C:\Program Files (x86)\GtkSharp\2.12\bin;C:\Program Files\Java\jdk1.8.0_77\bin;C:\Users\ARDI\Desktop\Pelatihan blibli\Future Program\Software\apache-maven-3.2.5\bin;C:\Program Files\PostgreSQL\9.4\bin;D:\Software\Go\bin;C:\Program Files\Git\bin;%GOPATH%/bin;C:\Program Files\nodejs\;C:\Program Files\PuTTY\;C:\Users\ARDI\Anaconda3;C:\Users\ARDI\Anaconda3\Scripts;C:\Users\ARDI\Anaconda3\Library\bin;C:\RailsInstaller\Ruby2.2.0\bin;C:\Ruby200-x64\bin;C:\Users\ARDI\AppData\Roaming\Composer\vendor\bin;C:\Program Files\Java\jdk1.8.0_77\bin;C:\Users\ARDI\AppData\Local\Microsoft\WindowsApps;D:\Software\Go\bin;C:\Program Files\Git\bin;D:\Software\Go\bin\bin;C:\Users\ARDI\AppData\Roaming\npm;C:\Program Files\Heroku\bin;;."/>
    <property name="java.specification.name" value="Java Platform API Specification"/>
    <property name="java.class.version" value="52.0"/>
    <property name="sun.management.compiler" value="HotSpot 64-Bit Tiered Compilers"/>
    <property name="os.version" value="10.0"/>
    <property name="user.home" value="C:\Users\ARDI"/>
    <property name="user.timezone" value="Asia/Bangkok"/>
    <property name="java.awt.printerjob" value="sun.awt.windows.WPrinterJob"/>
    <property name="java.specification.version" value="1.8"/>
    <property name="file.encoding" value="Cp1252"/>
    <property name="user.name" value="ARDI"/>
    <property name="java.class.path" value="C:\Users\ARDI\Desktop\Pelatihan blibli\Future Program\Software\apache-maven-3.2.5\bin\..\boot\plexus-classworlds-2.5.2.jar"/>
    <property name="java.vm.specification.version" value="1.8"/>
    <property name="sun.arch.data.model" value="64"/>
    <property name="java.home" value="C:\Program Files\Java\jdk1.8.0_77\jre"/>
    <property name="sun.java.command" value="org.codehaus.plexus.classworlds.launcher.Launcher clean verify"/>
    <property name="java.specification.vendor" value="Oracle Corporation"/>
    <property name="user.language" value="en"/>
    <property name="awt.toolkit" value="sun.awt.windows.WToolkit"/>
    <property name="java.vm.info" value="mixed mode"/>
    <property name="java.version" value="1.8.0_77"/>
    <property name="java.ext.dirs" value="C:\Program Files\Java\jdk1.8.0_77\jre\lib\ext;C:\WINDOWS\Sun\Java\lib\ext"/>
    <property name="sun.boot.class.path" value="C:\Program Files\Java\jdk1.8.0_77\jre\lib\resources.jar;C:\Program Files\Java\jdk1.8.0_77\jre\lib\rt.jar;C:\Program Files\Java\jdk1.8.0_77\jre\lib\sunrsasign.jar;C:\Program Files\Java\jdk1.8.0_77\jre\lib\jsse.jar;C:\Program Files\Java\jdk1.8.0_77\jre\lib\jce.jar;C:\Program Files\Java\jdk1.8.0_77\jre\lib\charsets.jar;C:\Program Files\Java\jdk1.8.0_77\jre\lib\jfr.jar;C:\Program Files\Java\jdk1.8.0_77\jre\classes"/>
    <property name="sun.stderr.encoding" value="cp437"/>
    <property name="java.vendor" value="Oracle Corporation"/>
    <property name="maven.home" value="C:\Users\ARDI\Desktop\Pelatihan blibli\Future Program\Software\apache-maven-3.2.5\bin\.."/>
    <property name="file.separator" value="\"/>
    <property name="java.vendor.url.bug" value="http://bugreport.sun.com/bugreport/"/>
    <property name="sun.cpu.endian" value="little"/>
    <property name="sun.io.unicode.encoding" value="UnicodeLittle"/>
    <property name="sun.stdout.encoding" value="cp437"/>
    <property name="sun.desktop" value="windows"/>
    <property name="sun.cpu.isalist" value="amd64"/>
  </properties>
  <testcase name="BeforeStories" classname="java.lang.Object" time="0.011"/>
  <testcase name="Given home page is opened" classname="com.futures.steps.DefinitionSteps" time="17.99"/>
  <testcase name="When I login to blibli" classname="com.futures.steps.DefinitionSteps" time="3.925"/>
  <testcase name="[PENDING] Then I can see my name in the site, " classname="[PENDING] Then I can see my name in the site, " time="0">
    <skipped/>
    <system-out><![CDATA[When I login to blibli
]]></system-out>
  </testcase>
  <testcase name="Scenario: login dulu gan" classname="Scenario: login dulu gan" time="9.928"/>
  <testcase name="Given already logged in" classname="com.futures.steps.DefinitionSteps" time="2.382"/>
  <testcase name="When I search minyak goreng" classname="com.futures.steps.DefinitionSteps" time="40.471"/>
  <testcase name="Then I can see product list" classname="com.futures.steps.DefinitionSteps" time="0.545"/>
  <testcase name="Scenario: beli minyak" classname="Scenario: beli minyak" time="0.672"/>
  <testcase name="BlibliLogin.story" classname="BlibliLogin.story" time="0.675"/>
  <testcase name="AfterStories" classname="java.lang.Object" time="0.001"/>
</testsuite>